<?xml version="1.0" encoding="UTF-8"?>
<testsuite name="BoardTest" tests="2" skipped="0" failures="0" errors="0" timestamp="2014-11-01T14:30:22" hostname="i-c39488ed" time="0.002">
  <properties/>
  <testcase name="checkTieEmptyBoard" classname="BoardTest" time="0.001"/>
  <testcase name="checkWinEmptyBoard" classname="BoardTest" time="0.0"/>
  <system-out><![CDATA[]]></system-out>
  <system-err><![CDATA[]]></system-err>
</testsuite>
