<?xml version="1.0" encoding="UTF-8"?>
<testsuite name="StateTest" tests="2" skipped="0" failures="0" errors="0" timestamp="2014-11-02T15:10:47" hostname="i-c39488ed" time="0.021">
  <properties/>
  <testcase name="valueOfTest" classname="StateTest" time="0.006"/>
  <testcase name="valuesTest" classname="StateTest" time="0.007"/>
  <system-out><![CDATA[]]></system-out>
  <system-err><![CDATA[]]></system-err>
</testsuite>
