<?xml version="1.0" encoding="UTF-8"?>
<testsuite name="CellTest" tests="1" skipped="0" failures="0" errors="0" timestamp="2014-10-31T07:14:05" hostname="i-c39488ed" time="0.0">
  <properties/>
  <testcase name="checkConstructor" classname="CellTest" time="0.0"/>
  <system-out><![CDATA[]]></system-out>
  <system-err><![CDATA[]]></system-err>
</testsuite>
