<?xml version="1.0" encoding="UTF-8"?>
<testsuite name="StateTest" tests="2" skipped="0" failures="0" errors="0" timestamp="2014-11-04T13:48:51" hostname="i-c39488ed" time="0.027">
  <properties/>
  <testcase name="valueOfTest" classname="StateTest" time="0.014"/>
  <testcase name="valuesTest" classname="StateTest" time="0.011"/>
  <system-out><![CDATA[]]></system-out>
  <system-err><![CDATA[]]></system-err>
</testsuite>
